<?xml version="1.0" encoding="UTF-8"?>
<!-- Generated by org.testng.reporters.JUnitReportReporter -->
<testsuite hostname="DESKTOP-AMA4B8C" failures="0" tests="2" name="test.Day1" time="0.008" errors="0" timestamp="2025-02-18T20:15:40 IST" skipped="1">
  <testcase classname="test.Day1" name="Demo" time="0.008"/>
  <system-out/>
  <testcase classname="test.Day1" name="SecondTest">
    <skipped/>
  </testcase> <!-- SecondTest -->
  <system-out/>
</testsuite> <!-- test.Day1 -->
