<?xml version="1.0" encoding="UTF-8"?>
<!-- Generated by org.testng.reporters.JUnitReportReporter -->
<testsuite hostname="DESKTOP-AMA4B8C" failures="0" tests="4" name="test.Day4" time="0.007" errors="0" timestamp="2025-02-18T20:15:40 IST" skipped="0">
  <testcase classname="test.Day4" name="pLoan" time="0.001"/>
  <system-out/>
  <testcase classname="test.Day4" name="MobileLogin" time="0.004"/>
  <system-out/>
  <testcase classname="test.Day4" name="MobileLogin" time="0.001"/>
  <system-out/>
  <testcase classname="test.Day4" name="MobileLogin" time="0.001"/>
  <system-out/>
</testsuite> <!-- test.Day4 -->
