<?xml version="1.0" encoding="UTF-8"?>
<!-- Generated by org.testng.reporters.JUnitReportReporter -->
<testsuite hostname="DESKTOP-AMA4B8C" failures="0" tests="3" name="test.Day3" time="0.004" errors="0" timestamp="2025-02-18T20:15:40 IST" skipped="0">
  <testcase classname="test.Day3" name="MobileLoginCarLoan" time="0.001"/>
  <system-out/>
  <testcase classname="test.Day3" name="WebLoginCarLoan" time="0.002"/>
  <system-out/>
  <testcase classname="test.Day3" name="APILoginCarLoan" time="0.001"/>
  <system-out/>
</testsuite> <!-- test.Day3 -->
